[
    {
        "railflow_test_attributes": {
            "jira_ids": 301219,
            "case_fields": "field_splint",
            "result_fields": "field_B2",
            "testrail_ids": "map id2",
            "case_type": "test browser splinter",
            "case_priority": "important"
        },
        "class_name": null,
        "test_name": "test_google",
        "details": "Test using real browser.",
        "markers": "",
        "result": "FAILED",
        "duration": 10.558363170999655,
        "timestamp": "2021-09-02T09:32:25",
        "message": "browser = <splinter.driver.webdriver.firefox.WebDriver object at 0x7fe56805e880>\n\n    @pytest.mark.railflow(\n        jira_ids=301219,\n        case_fields=\"field_splint\",\n        result_fields=\"field_B2\",\n        testrail_ids=\"map id2\",\n        case_type=\"test browser splinter\",\n        case_priority=\"important\"\n    )\n    def test_google(browser):\n        \"\"\"Test using real browser.\"\"\"\n        url = \"https://www.google.com\"\n        browser.visit(url)\n        browser.fill('q', 'splinter - python acceptance testing for web applications')\n        # Find and click the 'search' button\n        button = browser.find_by_name('btnK')\n        # Interact with elements\n        button.click()\n>       assert browser.is_text_present('splinter.cobrateam.info'), \"splinter.cobrateam.info wasn't found... We need to\"\nE       AssertionError: splinter.cobrateam.info wasn't found... We need to\nE       assert False\nE        +  where False = <bound method BaseWebDriver.is_text_present of <splinter.driver.webdriver.firefox.WebDriver object at 0x7fe56805e880>>('splinter.cobrateam.info')\nE        +    where <bound method BaseWebDriver.is_text_present of <splinter.driver.webdriver.firefox.WebDriver object at 0x7fe56805e880>> = <splinter.driver.webdriver.firefox.WebDriver object at 0x7fe56805e880>.is_text_present\n\ntest_browser.py:20: AssertionError",
        "file_name": "test_browser",
        "splinter_screenshot_dir": " /media/athul/data/Job/git-repos/railflow/athul_git/railflow_pytest_examples/test_browser/test_google-browser.png"
    },
    {
        "railflow_test_attributes": {
            "jira_ids": 100231,
            "case_fields": "filedA1",
            "result_fields": "fieldB1",
            "testrail_ids": "map id1",
            "case_type": "test case",
            "case_priority": "important"
        },
        "class_name": null,
        "test_name": "test_power",
        "details": "Test details are given here.",
        "markers": "",
        "result": "PASSED",
        "duration": 0.0002938090001407545,
        "timestamp": "2021-09-02T09:32:25",
        "message": null,
        "file_name": "test_calculation"
    },
    {
        "railflow_test_attributes": {
            "jira_ids": 100241,
            "case_fields": "filedA2",
            "result_fields": "fieldB2",
            "testrail_ids": "map id2",
            "case_type": "test case",
            "case_priority": "normal"
        },
        "class_name": null,
        "test_name": "test_modulus",
        "details": null,
        "markers": "",
        "result": "FAILED",
        "duration": 0.0005657139990944415,
        "timestamp": "2021-09-02T09:32:25",
        "message": "@pytest.mark.railflow(case_priority=\"normal\")\n    @pytest.mark.railflow(case_type=\"test case\")\n    @pytest.mark.railflow(testrail_ids=\"map id2\")\n    @pytest.mark.railflow(result_fields=\"fieldB2\")\n    @pytest.mark.railflow(case_fields=\"filedA2\")\n    @pytest.mark.railflow(jira_ids=100241)\n    def test_modulus():\n        a = 3\n        b = 2\n        c = a % b\n>       assert c == 0\nE       assert 1 == 0\n\ntest_calculation.py:32: AssertionError",
        "file_name": "test_calculation"
    },
    {
        "railflow_test_attributes": {
            "case_fields": "field",
            "result_fields": "output",
            "case_type": "Normal tests",
            "case_priority": "Important",
            "smart_assignment": [
                "user1@gmail.com, user2@gmail.com"
            ]
        },
        "class_name": "TestClass",
        "test_name": "test_add",
        "details": null,
        "markers": "",
        "result": "PASSED",
        "duration": 0.0001716250008030329,
        "timestamp": "2021-09-02T09:32:25",
        "message": null,
        "file_name": "test_manipulation"
    },
    {
        "railflow_test_attributes": {
            "case_fields": "field",
            "result_fields": "output",
            "case_type": "Normal tests",
            "case_priority": "Important",
            "smart_assignment": [
                "user1@gmail.com, user2@gmail.com"
            ]
        },
        "class_name": "TestClass",
        "test_name": "test_subtract",
        "details": null,
        "markers": "",
        "result": "FAILED",
        "duration": 0.00026424300085636787,
        "timestamp": "2021-09-02T09:32:25",
        "message": "self = <test_manipulation.TestClass object at 0x7fe567fcfa30>\n\n    def test_subtract(self):\n        a = 3\n        b = 2\n        c = a - b\n>       assert c == 0\nE       assert 1 == 0\n\ntest_manipulation.py:23: AssertionError",
        "file_name": "test_manipulation"
    },
    {
        "railflow_test_attributes": {
            "jira_ids": 100334,
            "case_fields": "field",
            "result_fields": "output",
            "testrail_ids": "map id2",
            "case_type": "Normal tests",
            "case_priority": "Important",
            "smart_assignment": [
                "user1@gmail.com, user2@gmail.com"
            ]
        },
        "class_name": "TestClass",
        "test_name": "test_divide[22-11-2]",
        "details": null,
        "markers": "parametrize",
        "result": "PASSED",
        "duration": 0.00025754000307642855,
        "timestamp": "2021-09-02T09:32:25",
        "message": null,
        "file_name": "test_manipulation"
    },
    {
        "railflow_test_attributes": {
            "jira_ids": 100334,
            "case_fields": "field",
            "result_fields": "output",
            "testrail_ids": "map id2",
            "case_type": "Normal tests",
            "case_priority": "Important",
            "smart_assignment": [
                "user1@gmail.com, user2@gmail.com"
            ]
        },
        "class_name": "TestClass",
        "test_name": "test_divide[64-8-8]",
        "details": null,
        "markers": "parametrize",
        "result": "PASSED",
        "duration": 0.00024183300047297962,
        "timestamp": "2021-09-02T09:32:25",
        "message": null,
        "file_name": "test_manipulation"
    },
    {
        "railflow_test_attributes": {
            "jira_ids": 100334,
            "case_fields": "field",
            "result_fields": "output",
            "testrail_ids": "map id2",
            "case_type": "Normal tests",
            "case_priority": "Important",
            "smart_assignment": [
                "user1@gmail.com, user2@gmail.com"
            ]
        },
        "class_name": "TestClass",
        "test_name": "test_divide[9-3-3]",
        "details": null,
        "markers": "parametrize",
        "result": "PASSED",
        "duration": 0.00020557600146275945,
        "timestamp": "2021-09-02T09:32:25",
        "message": null,
        "file_name": "test_manipulation"
    },
    {
        "railflow_test_attributes": {},
        "class_name": null,
        "test_name": "test_nothing",
        "details": null,
        "markers": "",
        "result": "PASSED",
        "duration": 0.0001766400018823333,
        "timestamp": "2021-09-02T09:32:25",
        "message": null,
        "file_name": "test_nothing"
    },
    {
        "railflow_test_attributes": {
            "jira_ids": 100211,
            "case_fields": "field_splint",
            "result_fields": "field_B1",
            "testrail_ids": "map id1",
            "case_type": "test browser",
            "case_priority": "important"
        },
        "class_name": null,
        "test_name": "test_google",
        "details": "Testing visiting url",
        "markers": "",
        "result": "PASSED",
        "duration": 1.5830202359975374,
        "timestamp": "2021-09-02T09:32:26",
        "message": null,
        "file_name": "test_splinter"
    },
    {
        "railflow_test_attributes": {
            "jira_ids": 100212,
            "case_fields": "field_splint",
            "result_fields": "field_B2",
            "testrail_ids": "map id2",
            "case_type": "test browser splinter",
            "case_priority": "important"
        },
        "class_name": null,
        "test_name": "test_forward",
        "details": "testing forward and backward in browser",
        "markers": "",
        "result": "PASSED",
        "duration": 6.150426063002669,
        "timestamp": "2021-09-02T09:32:33",
        "message": null,
        "file_name": "test_splinter"
    },
    {
        "railflow_test_attributes": {
            "jira_ids": 100414,
            "case_fields": "field_splint reload",
            "result_fields": "field_B3",
            "testrail_ids": "map id4",
            "case_type": "test browser splinter",
            "case_priority": "important"
        },
        "class_name": null,
        "test_name": "test_reload",
        "details": "test reload page",
        "markers": "",
        "result": "FAILED",
        "duration": 2.566374588001054,
        "timestamp": "2021-09-02T09:32:35",
        "message": "browser = <splinter.driver.webdriver.firefox.WebDriver object at 0x7fe56805e880>\n\n    @pytest.mark.railflow(\n        jira_ids=100414,\n        case_fields=\"field_splint reload\",\n        result_fields=\"field_B3\",\n        testrail_ids=\"map id4\",\n        case_type=\"test browser splinter\",\n        case_priority=\"important\"\n        )\n    def test_reload(browser):\n        \"test reload page\"\n        url = \"https://www.duckduckgo.com\"\n        browser.visit(url)\n        browser.reload()\n>       assert browser.url == 'https://www.google.com'\nE       AssertionError: assert 'https://duckduckgo.com/' == 'https://www.google.com'\nE         - https://www.google.com\nE         + https://duckduckgo.com/\n\ntest_splinter.py:48: AssertionError",
        "file_name": "test_splinter",
        "splinter_screenshot_dir": " /media/athul/data/Job/git-repos/railflow/athul_git/railflow_pytest_examples/test_splinter/test_reload-browser.png"
    }
]